<?xml version="1.0" encoding="UTF-8"?>
<!-- Generated by org.testng.reporters.JUnitXMLReporter -->
<testsuite ignored="1" hostname="RHARISHs-MacBook-Air.local" failures="0" tests="6" name="Default test" time="22.737" errors="0" timestamp="2022-11-17T21:29:45 IST">
  <testcase classname="com.TestNg.Zoho_TestNG" name="browserLaunch" time="3.628"/>
  <testcase classname="com.TestNg.Zoho_TestNG" name="getUrl" time="9.167"/>
  <testcase classname="com.TestNg.Zoho_TestNG" name="signUp" time="2.158"/>
  <testcase classname="com.TestNg.Zoho_TestNG" name="userDetails" time="3.395"/>
  <testcase classname="com.TestNg.Zoho_TestNG" name="checkBox" time="0.095"/>
  <testcase classname="com.TestNg.Zoho_TestNG" name="submit" time="4.128"/>
  <testcase classname="com.TestNg.Zoho_TestNG" name="takeScreenshot" time="0.0">
    <ignored/>
  </testcase> <!-- takeScreenshot -->
</testsuite> <!-- Default test -->
