<?xml version="1.0" encoding="UTF-8"?>
<testng-results ignored="1" total="7" passed="6" failed="0" skipped="0">
  <reporter-output>
  </reporter-output>
  <suite started-at="2022-11-17T21:29:18 IST" name="Default suite" finished-at="2022-11-17T21:29:40 IST" duration-ms="22737">
    <groups>
    </groups>
    <test started-at="2022-11-17T21:29:18 IST" name="Default test" finished-at="2022-11-17T21:29:40 IST" duration-ms="22737">
      <class name="com.TestNg.Zoho_TestNG">
        <test-method signature="browserLaunch()[pri:-2, instance:com.TestNg.Zoho_TestNG@52500920]" started-at="2022-11-17T21:29:18 IST" name="browserLaunch" finished-at="2022-11-17T21:29:21 IST" duration-ms="3628" status="PASS">
          <reporter-output>
          </reporter-output>
        </test-method> <!-- browserLaunch -->
        <test-method signature="getUrl()[pri:-1, instance:com.TestNg.Zoho_TestNG@52500920]" started-at="2022-11-17T21:29:21 IST" name="getUrl" finished-at="2022-11-17T21:29:31 IST" duration-ms="9167" status="PASS">
          <reporter-output>
          </reporter-output>
        </test-method> <!-- getUrl -->
        <test-method signature="signUp()[pri:0, instance:com.TestNg.Zoho_TestNG@52500920]" started-at="2022-11-17T21:29:31 IST" name="signUp" finished-at="2022-11-17T21:29:33 IST" duration-ms="2158" status="PASS">
          <reporter-output>
          </reporter-output>
        </test-method> <!-- signUp -->
        <test-method signature="userDetails()[pri:0, instance:com.TestNg.Zoho_TestNG@52500920]" started-at="2022-11-17T21:29:33 IST" name="userDetails" finished-at="2022-11-17T21:29:36 IST" depends-on-methods="com.TestNg.Zoho_TestNG.signUp" duration-ms="3395" status="PASS">
          <reporter-output>
          </reporter-output>
        </test-method> <!-- userDetails -->
        <test-method signature="checkBox()[pri:0, instance:com.TestNg.Zoho_TestNG@52500920]" started-at="2022-11-17T21:29:36 IST" name="checkBox" finished-at="2022-11-17T21:29:36 IST" depends-on-methods="com.TestNg.Zoho_TestNG.userDetails" duration-ms="95" status="PASS">
          <reporter-output>
          </reporter-output>
        </test-method> <!-- checkBox -->
        <test-method signature="submit()[pri:0, instance:com.TestNg.Zoho_TestNG@52500920]" started-at="2022-11-17T21:29:36 IST" name="submit" finished-at="2022-11-17T21:29:40 IST" depends-on-methods="com.TestNg.Zoho_TestNG.checkBox" duration-ms="4128" status="PASS">
          <reporter-output>
          </reporter-output>
        </test-method> <!-- submit -->
      </class> <!-- com.TestNg.Zoho_TestNG -->
    </test> <!-- Default test -->
  </suite> <!-- Default suite -->
</testng-results>
